# JRE version: Java(TM) SE Runtime Environment (8.0_101-b13) (build 1.8.0_101-b13)
# Java VM: Java HotSpot(TM) 64-Bit Server VM (25.101-b13 mixed mode windows-amd64 compressed oops)
Heap:
 PSYoungGen      total 307712K, used 110601K [0x000000076b900000, 0x00000007b9780000, 0x00000007c0000000)
  eden space 307200K, 36% used [0x000000076b900000,0x0000000772502590,0x000000077e500000)
  from space 512K, 0% used [0x00000007b9680000,0x00000007b9680000,0x00000007b9700000)
  to   space 512K, 0% used [0x00000007b9700000,0x00000007b9700000,0x00000007b9780000)
 ParOldGen       total 173568K, used 155168K [0x00000006c2a00000, 0x00000006cd380000, 0x000000076b900000)
  object space 173568K, 89% used [0x00000006c2a00000,0x00000006cc188028,0x00000006cd380000)
 Metaspace       used 11584K, capacity 11845K, committed 12160K, reserved 1060864K
  class space    used 1062K, capacity 1150K, committed 1152K, reserved 1048576K
GC Heap History (10 events):
Event: 31.156 GC heap before
{Heap before GC invocations=278 (full 0):
 PSYoungGen      total 364544K, used 364128K [0x000000076b900000, 0x00000007b9780000, 0x00000007c0000000)
  eden space 364032K, 100% used [0x000000076b900000,0x0000000781c80000,0x0000000781c80000)
  from space 512K, 18% used [0x00000007b9680000,0x00000007b9698000,0x00000007b9700000)
  to   space 512K, 0% used [0x00000007b9700000,0x00000007b9700000,0x00000007b9780000)
 ParOldGen       total 173568K, used 5042K [0x00000006c2a00000, 0x00000006cd380000, 0x000000076b900000)
  object space 173568K, 2% used [0x00000006c2a00000,0x00000006c2eec9e0,0x00000006cd380000)
 Metaspace       used 11571K, capacity 11781K, committed 11904K, reserved 1060864K
  class space    used 1062K, capacity 1150K, committed 1152K, reserved 1048576K
Event: 31.157 GC heap after
Heap after GC invocations=278 (full 0):
 PSYoungGen      total 349184K, used 128K [0x000000076b900000, 0x00000007b9780000, 0x00000007c0000000)
  eden space 348672K, 0% used [0x000000076b900000,0x000000076b900000,0x0000000780d80000)
  from space 512K, 25% used [0x00000007b9700000,0x00000007b9720000,0x00000007b9780000)
  to   space 512K, 0% used [0x00000007b9680000,0x00000007b9680000,0x00000007b9700000)
 ParOldGen       total 173568K, used 5042K [0x00000006c2a00000, 0x00000006cd380000, 0x000000076b900000)
  object space 173568K, 2% used [0x00000006c2a00000,0x00000006c2eec9e0,0x00000006cd380000)
 Metaspace       used 11571K, capacity 11781K, committed 11904K, reserved 1060864K
  class space    used 1062K, capacity 1150K, committed 1152K, reserved 1048576K
}
Event: 31.284 GC heap before
{Heap before GC invocations=279 (full 0):
 PSYoungGen      total 349184K, used 348800K [0x000000076b900000, 0x00000007b9780000, 0x00000007c0000000)
  eden space 348672K, 100% used [0x000000076b900000,0x0000000780d80000,0x0000000780d80000)
  from space 512K, 25% used [0x00000007b9700000,0x00000007b9720000,0x00000007b9780000)
  to   space 512K, 0% used [0x00000007b9680000,0x00000007b9680000,0x00000007b9700000)
 ParOldGen       total 173568K, used 5042K [0x00000006c2a00000, 0x00000006cd380000, 0x000000076b900000)
  object space 173568K, 2% used [0x00000006c2a00000,0x00000006c2eec9e0,0x00000006cd380000)
 Metaspace       used 11571K, capacity 11781K, committed 11904K, reserved 1060864K
  class space    used 1062K, capacity 1150K, committed 1152K, reserved 1048576K
Event: 31.284 GC heap after
Heap after GC invocations=279 (full 0):
 PSYoungGen      total 334848K, used 64K [0x000000076b900000, 0x00000007b9780000, 0x00000007c0000000)
  eden space 334336K, 0% used [0x000000076b900000,0x000000076b900000,0x000000077ff80000)
  from space 512K, 12% used [0x00000007b9680000,0x00000007b9690000,0x00000007b9700000)
  to   space 512K, 0% used [0x00000007b9700000,0x00000007b9700000,0x00000007b9780000)
 ParOldGen       total 173568K, used 5042K [0x00000006c2a00000, 0x00000006cd380000, 0x000000076b900000)
  object space 173568K, 2% used [0x00000006c2a00000,0x00000006c2eec9e0,0x00000006cd380000)
 Metaspace       used 11571K, capacity 11781K, committed 11904K, reserved 1060864K
  class space    used 1062K, capacity 1150K, committed 1152K, reserved 1048576K
}
Event: 31.409 GC heap before
{Heap before GC invocations=280 (full 0):
 PSYoungGen      total 334848K, used 334400K [0x000000076b900000, 0x00000007b9780000, 0x00000007c0000000)
  eden space 334336K, 100% used [0x000000076b900000,0x000000077ff80000,0x000000077ff80000)
  from space 512K, 12% used [0x00000007b9680000,0x00000007b9690000,0x00000007b9700000)
  to   space 512K, 0% used [0x00000007b9700000,0x00000007b9700000,0x00000007b9780000)
 ParOldGen       total 173568K, used 5042K [0x00000006c2a00000, 0x00000006cd380000, 0x000000076b900000)
  object space 173568K, 2% used [0x00000006c2a00000,0x00000006c2eec9e0,0x00000006cd380000)
 Metaspace       used 11571K, capacity 11781K, committed 11904K, reserved 1060864K
  class space    used 1062K, capacity 1150K, committed 1152K, reserved 1048576K
Event: 31.410 GC heap after
Heap after GC invocations=280 (full 0):
 PSYoungGen      total 321024K, used 96K [0x000000076b900000, 0x00000007b9780000, 0x00000007c0000000)
  eden space 320512K, 0% used [0x000000076b900000,0x000000076b900000,0x000000077f200000)
  from space 512K, 18% used [0x00000007b9700000,0x00000007b9718000,0x00000007b9780000)
  to   space 512K, 0% used [0x00000007b9680000,0x00000007b9680000,0x00000007b9700000)
 ParOldGen       total 173568K, used 5042K [0x00000006c2a00000, 0x00000006cd380000, 0x000000076b900000)
  object space 173568K, 2% used [0x00000006c2a00000,0x00000006c2eec9e0,0x00000006cd380000)
 Metaspace       used 11571K, capacity 11781K, committed 11904K, reserved 1060864K
  class space    used 1062K, capacity 1150K, committed 1152K, reserved 1048576K
}
Event: 63.892 GC heap before
{Heap before GC invocations=281 (full 0):
 PSYoungGen      total 321024K, used 320608K [0x000000076b900000, 0x00000007b9780000, 0x00000007c0000000)
  eden space 320512K, 100% used [0x000000076b900000,0x000000077f200000,0x000000077f200000)
  from space 512K, 18% used [0x00000007b9700000,0x00000007b9718000,0x00000007b9780000)
  to   space 512K, 0% used [0x00000007b9680000,0x00000007b9680000,0x00000007b9700000)
 ParOldGen       total 173568K, used 5042K [0x00000006c2a00000, 0x00000006cd380000, 0x000000076b900000)
  object space 173568K, 2% used [0x00000006c2a00000,0x00000006c2eec9e0,0x00000006cd380000)
 Metaspace       used 11584K, capacity 11845K, committed 12160K, reserved 1060864K
  class space    used 1062K, capacity 1150K, committed 1152K, reserved 1048576K
Event: 63.936 GC heap after
Heap after GC invocations=281 (full 0):
 PSYoungGen      total 307712K, used 501K [0x000000076b900000, 0x00000007b9780000, 0x00000007c0000000)
  eden space 307200K, 0% used [0x000000076b900000,0x000000076b900000,0x000000077e500000)
  from space 512K, 98% used [0x00000007b9680000,0x00000007b96fd7a0,0x00000007b9700000)
  to   space 512K, 0% used [0x00000007b9700000,0x00000007b9700000,0x00000007b9780000)
 ParOldGen       total 173568K, used 156392K [0x00000006c2a00000, 0x00000006cd380000, 0x000000076b900000)
  object space 173568K, 90% used [0x00000006c2a00000,0x00000006cc2ba180,0x00000006cd380000)
 Metaspace       used 11584K, capacity 11845K, committed 12160K, reserved 1060864K
  class space    used 1062K, capacity 1150K, committed 1152K, reserved 1048576K
}
Event: 63.936 GC heap before
{Heap before GC invocations=282 (full 1):
 PSYoungGen      total 307712K, used 501K [0x000000076b900000, 0x00000007b9780000, 0x00000007c0000000)
  eden space 307200K, 0% used [0x000000076b900000,0x000000076b900000,0x000000077e500000)
  from space 512K, 98% used [0x00000007b9680000,0x00000007b96fd7a0,0x00000007b9700000)
  to   space 512K, 0% used [0x00000007b9700000,0x00000007b9700000,0x00000007b9780000)
 ParOldGen       total 173568K, used 156392K [0x00000006c2a00000, 0x00000006cd380000, 0x000000076b900000)
  object space 173568K, 90% used [0x00000006c2a00000,0x00000006cc2ba180,0x00000006cd380000)
 Metaspace       used 11584K, capacity 11845K, committed 12160K, reserved 1060864K
  class space    used 1062K, capacity 1150K, committed 1152K, reserved 1048576K
Event: 64.285 GC heap after
Heap after GC invocations=282 (full 1):
 PSYoungGen      total 307712K, used 0K [0x000000076b900000, 0x00000007b9780000, 0x00000007c0000000)
  eden space 307200K, 0% used [0x000000076b900000,0x000000076b900000,0x000000077e500000)
  from space 512K, 0% used [0x00000007b9680000,0x00000007b9680000,0x00000007b9700000)
  to   space 512K, 0% used [0x00000007b9700000,0x00000007b9700000,0x00000007b9780000)
 ParOldGen       total 173568K, used 155168K [0x00000006c2a00000, 0x00000006cd380000, 0x000000076b900000)
  object space 173568K, 89% used [0x00000006c2a00000,0x00000006cc188028,0x00000006cd380000)
 Metaspace       used 11584K, capacity 11845K, committed 12160K, reserved 1060864K
  class space    used 1062K, capacity 1150K, committed 1152K, reserved 1048576K
}

